<?xml version="1.0" encoding="UTF-8"?>
<testng-results skipped="0" failed="0" total="1" passed="1">
  <reporter-output>
  </reporter-output>
  <suite name="Suite" duration-ms="27097" started-at="2020-11-11T13:40:43Z" finished-at="2020-11-11T13:41:10Z">
    <groups>
    </groups>
    <test name="testngTest" duration-ms="27097" started-at="2020-11-11T13:40:43Z" finished-at="2020-11-11T13:41:10Z">
      <class name="tests.WizeLine_Test">
        <test-method status="PASS" signature="beforeSuite()[pri:0, instance:tests.WizeLine_Test@1a968a59]" name="beforeSuite" is-config="true" duration-ms="282" started-at="2020-11-11T19:10:43Z" finished-at="2020-11-11T19:10:43Z">
          <reporter-output>
          </reporter-output>
        </test-method> <!-- beforeSuite -->
        <test-method status="PASS" signature="setUp()[pri:0, instance:tests.WizeLine_Test@1a968a59]" name="setUp" is-config="true" duration-ms="7371" started-at="2020-11-11T19:10:43Z" finished-at="2020-11-11T19:10:50Z">
          <reporter-output>
          </reporter-output>
        </test-method> <!-- setUp -->
        <test-method status="PASS" signature="beforeMethod()[pri:0, instance:tests.WizeLine_Test@1a968a59]" name="beforeMethod" is-config="true" duration-ms="11918" started-at="2020-11-11T19:10:51Z" finished-at="2020-11-11T19:11:02Z">
          <reporter-output>
          </reporter-output>
        </test-method> <!-- beforeMethod -->
        <test-method status="PASS" signature="demoTest()[pri:0, instance:tests.WizeLine_Test@1a968a59]" name="demoTest" duration-ms="7783" started-at="2020-11-11T19:11:02Z" finished-at="2020-11-11T19:11:10Z">
          <reporter-output>
          </reporter-output>
        </test-method> <!-- demoTest -->
        <test-method status="PASS" signature="afterMethod()[pri:0, instance:tests.WizeLine_Test@1a968a59]" name="afterMethod" is-config="true" duration-ms="0" started-at="2020-11-11T19:11:10Z" finished-at="2020-11-11T19:11:10Z">
          <reporter-output>
          </reporter-output>
        </test-method> <!-- afterMethod -->
        <test-method status="PASS" signature="afterSuite()[pri:0, instance:tests.WizeLine_Test@1a968a59]" name="afterSuite" is-config="true" duration-ms="594" started-at="2020-11-11T19:11:10Z" finished-at="2020-11-11T19:11:11Z">
          <reporter-output>
          </reporter-output>
        </test-method> <!-- afterSuite -->
      </class> <!-- tests.WizeLine_Test -->
    </test> <!-- testngTest -->
  </suite> <!-- Suite -->
</testng-results>
